mode: count
github.com/coinbase/rosetta-cli/internal/reconciler/reconciler.go:187.15,201.26 2 1
github.com/coinbase/rosetta-cli/internal/reconciler/reconciler.go:212.2,212.10 1 1
github.com/coinbase/rosetta-cli/internal/reconciler/reconciler.go:201.26,205.3 1 0
github.com/coinbase/rosetta-cli/internal/reconciler/reconciler.go:205.8,210.3 1 1
github.com/coinbase/rosetta-cli/internal/reconciler/reconciler.go:221.9,223.48 1 0
github.com/coinbase/rosetta-cli/internal/reconciler/reconciler.go:247.2,247.29 1 0
github.com/coinbase/rosetta-cli/internal/reconciler/reconciler.go:272.2,272.12 1 0
github.com/coinbase/rosetta-cli/internal/reconciler/reconciler.go:223.48,226.41 2 0
github.com/coinbase/rosetta-cli/internal/reconciler/reconciler.go:234.3,234.18 1 0
github.com/coinbase/rosetta-cli/internal/reconciler/reconciler.go:239.3,244.5 1 0
github.com/coinbase/rosetta-cli/internal/reconciler/reconciler.go:226.41,228.52 1 0
github.com/coinbase/rosetta-cli/internal/reconciler/reconciler.go:228.52,230.10 2 0
github.com/coinbase/rosetta-cli/internal/reconciler/reconciler.go:234.18,235.12 1 0
github.com/coinbase/rosetta-cli/internal/reconciler/reconciler.go:247.29,250.36 1 0
github.com/coinbase/rosetta-cli/internal/reconciler/reconciler.go:254.3,254.41 1 0
github.com/coinbase/rosetta-cli/internal/reconciler/reconciler.go:250.36,252.4 1 0
github.com/coinbase/rosetta-cli/internal/reconciler/reconciler.go:254.41,255.11 1 0
github.com/coinbase/rosetta-cli/internal/reconciler/reconciler.go:256.33,256.33 0 0
github.com/coinbase/rosetta-cli/internal/reconciler/reconciler.go:257.12,258.59 1 0
github.com/coinbase/rosetta-cli/internal/reconciler/reconciler.go:261.8,263.41 1 0
github.com/coinbase/rosetta-cli/internal/reconciler/reconciler.go:263.41,264.11 1 0
github.com/coinbase/rosetta-cli/internal/reconciler/reconciler.go:265.33,265.33 0 0
github.com/coinbase/rosetta-cli/internal/reconciler/reconciler.go:266.22,267.21 1 0
github.com/coinbase/rosetta-cli/internal/reconciler/reconciler.go:284.34,287.16 2 8
github.com/coinbase/rosetta-cli/internal/reconciler/reconciler.go:295.2,295.34 1 7
github.com/coinbase/rosetta-cli/internal/reconciler/reconciler.go:305.2,306.16 2 6
github.com/coinbase/rosetta-cli/internal/reconciler/reconciler.go:313.2,313.13 1 6
github.com/coinbase/rosetta-cli/internal/reconciler/reconciler.go:322.2,328.16 2 5
github.com/coinbase/rosetta-cli/internal/reconciler/reconciler.go:337.2,337.42 1 4
github.com/coinbase/rosetta-cli/internal/reconciler/reconciler.go:346.2,347.16 2 3
github.com/coinbase/rosetta-cli/internal/reconciler/reconciler.go:351.2,351.57 1 3
github.com/coinbase/rosetta-cli/internal/reconciler/reconciler.go:287.16,292.3 1 1
github.com/coinbase/rosetta-cli/internal/reconciler/reconciler.go:295.34,302.3 1 1
github.com/coinbase/rosetta-cli/internal/reconciler/reconciler.go:306.16,312.3 1 0
github.com/coinbase/rosetta-cli/internal/reconciler/reconciler.go:313.13,319.3 1 1
github.com/coinbase/rosetta-cli/internal/reconciler/reconciler.go:328.16,335.3 1 1
github.com/coinbase/rosetta-cli/internal/reconciler/reconciler.go:337.42,344.3 1 1
github.com/coinbase/rosetta-cli/internal/reconciler/reconciler.go:347.16,349.3 1 0
github.com/coinbase/rosetta-cli/internal/reconciler/reconciler.go:362.43,363.29 1 0
github.com/coinbase/rosetta-cli/internal/reconciler/reconciler.go:369.2,376.3 1 0
github.com/coinbase/rosetta-cli/internal/reconciler/reconciler.go:363.29,368.3 1 0
github.com/coinbase/rosetta-cli/internal/reconciler/reconciler.go:389.9,394.23 2 0
github.com/coinbase/rosetta-cli/internal/reconciler/reconciler.go:478.2,478.12 1 0
github.com/coinbase/rosetta-cli/internal/reconciler/reconciler.go:394.23,404.17 2 0
github.com/coinbase/rosetta-cli/internal/reconciler/reconciler.go:445.3,446.15 2 0
github.com/coinbase/rosetta-cli/internal/reconciler/reconciler.go:450.3,450.31 1 0
github.com/coinbase/rosetta-cli/internal/reconciler/reconciler.go:467.3,475.4 2 0
github.com/coinbase/rosetta-cli/internal/reconciler/reconciler.go:404.17,405.46 1 0
github.com/coinbase/rosetta-cli/internal/reconciler/reconciler.go:430.4,430.36 1 0
github.com/coinbase/rosetta-cli/internal/reconciler/reconciler.go:436.4,436.41 1 0
github.com/coinbase/rosetta-cli/internal/reconciler/reconciler.go:442.4,442.14 1 0
github.com/coinbase/rosetta-cli/internal/reconciler/reconciler.go:405.46,411.31 2 0
github.com/coinbase/rosetta-cli/internal/reconciler/reconciler.go:417.5,427.10 3 0
github.com/coinbase/rosetta-cli/internal/reconciler/reconciler.go:411.31,413.14 2 0
github.com/coinbase/rosetta-cli/internal/reconciler/reconciler.go:430.36,433.10 1 0
github.com/coinbase/rosetta-cli/internal/reconciler/reconciler.go:436.41,439.10 1 0
github.com/coinbase/rosetta-cli/internal/reconciler/reconciler.go:446.15,448.4 1 0
github.com/coinbase/rosetta-cli/internal/reconciler/reconciler.go:450.31,460.18 2 0
github.com/coinbase/rosetta-cli/internal/reconciler/reconciler.go:464.4,464.14 1 0
github.com/coinbase/rosetta-cli/internal/reconciler/reconciler.go:460.18,462.5 1 0
github.com/coinbase/rosetta-cli/internal/reconciler/reconciler.go:485.3,488.73 2 0
github.com/coinbase/rosetta-cli/internal/reconciler/reconciler.go:493.2,493.39 1 0
github.com/coinbase/rosetta-cli/internal/reconciler/reconciler.go:488.73,491.3 2 0
github.com/coinbase/rosetta-cli/internal/reconciler/reconciler.go:493.39,501.3 3 0
github.com/coinbase/rosetta-cli/internal/reconciler/reconciler.go:508.10,510.47 2 0
github.com/coinbase/rosetta-cli/internal/reconciler/reconciler.go:514.2,516.19 2 0
github.com/coinbase/rosetta-cli/internal/reconciler/reconciler.go:510.47,512.3 1 0
github.com/coinbase/rosetta-cli/internal/reconciler/reconciler.go:526.9,527.6 1 0
github.com/coinbase/rosetta-cli/internal/reconciler/reconciler.go:527.6,528.10 1 0
github.com/coinbase/rosetta-cli/internal/reconciler/reconciler.go:529.21,530.20 1 0
github.com/coinbase/rosetta-cli/internal/reconciler/reconciler.go:531.41,532.51 1 0
github.com/coinbase/rosetta-cli/internal/reconciler/reconciler.go:536.4,542.18 2 0
github.com/coinbase/rosetta-cli/internal/reconciler/reconciler.go:546.4,554.18 2 0
github.com/coinbase/rosetta-cli/internal/reconciler/reconciler.go:532.51,533.13 1 0
github.com/coinbase/rosetta-cli/internal/reconciler/reconciler.go:542.18,544.5 1 0
github.com/coinbase/rosetta-cli/internal/reconciler/reconciler.go:554.18,556.5 1 0
github.com/coinbase/rosetta-cli/internal/reconciler/reconciler.go:567.9,568.23 1 0
github.com/coinbase/rosetta-cli/internal/reconciler/reconciler.go:615.2,615.12 1 0
github.com/coinbase/rosetta-cli/internal/reconciler/reconciler.go:568.23,572.17 2 0
github.com/coinbase/rosetta-cli/internal/reconciler/reconciler.go:581.3,583.84 2 0
github.com/coinbase/rosetta-cli/internal/reconciler/reconciler.go:572.17,578.12 3 0
github.com/coinbase/rosetta-cli/internal/reconciler/reconciler.go:583.84,594.18 5 0
github.com/coinbase/rosetta-cli/internal/reconciler/reconciler.go:598.4,606.18 2 0
github.com/coinbase/rosetta-cli/internal/reconciler/reconciler.go:594.18,596.5 1 0
github.com/coinbase/rosetta-cli/internal/reconciler/reconciler.go:606.18,608.5 1 0
github.com/coinbase/rosetta-cli/internal/reconciler/reconciler.go:609.9,612.4 2 0
github.com/coinbase/rosetta-cli/internal/reconciler/reconciler.go:620.59,622.54 2 0
github.com/coinbase/rosetta-cli/internal/reconciler/reconciler.go:632.2,632.33 1 0
github.com/coinbase/rosetta-cli/internal/reconciler/reconciler.go:636.2,636.12 1 0
github.com/coinbase/rosetta-cli/internal/reconciler/reconciler.go:622.54,623.21 1 0
github.com/coinbase/rosetta-cli/internal/reconciler/reconciler.go:627.3,627.21 1 0
github.com/coinbase/rosetta-cli/internal/reconciler/reconciler.go:623.21,625.4 1 0
github.com/coinbase/rosetta-cli/internal/reconciler/reconciler.go:627.21,629.4 1 0
github.com/coinbase/rosetta-cli/internal/reconciler/reconciler.go:632.33,634.3 1 0
github.com/coinbase/rosetta-cli/internal/reconciler/reconciler.go:644.26,645.29 1 3
github.com/coinbase/rosetta-cli/internal/reconciler/reconciler.go:653.2,653.70 1 1
github.com/coinbase/rosetta-cli/internal/reconciler/reconciler.go:645.29,646.41 1 5
github.com/coinbase/rosetta-cli/internal/reconciler/reconciler.go:650.3,650.16 1 2
github.com/coinbase/rosetta-cli/internal/reconciler/reconciler.go:646.41,647.12 1 3
github.com/coinbase/rosetta-cli/internal/reconciler/reconciler.go:669.8,670.24 1 6
github.com/coinbase/rosetta-cli/internal/reconciler/reconciler.go:677.2,677.14 1 3
github.com/coinbase/rosetta-cli/internal/reconciler/reconciler.go:670.24,672.45 1 15
github.com/coinbase/rosetta-cli/internal/reconciler/reconciler.go:672.45,674.4 1 3
github.com/coinbase/rosetta-cli/internal/reconciler/reconciler.go:689.43,696.16 2 0
github.com/coinbase/rosetta-cli/internal/reconciler/reconciler.go:700.2,701.16 2 0
github.com/coinbase/rosetta-cli/internal/reconciler/reconciler.go:705.2,705.41 1 0
github.com/coinbase/rosetta-cli/internal/reconciler/reconciler.go:696.16,698.3 1 0
github.com/coinbase/rosetta-cli/internal/reconciler/reconciler.go:701.16,703.3 1 0
github.com/coinbase/rosetta-cli/internal/syncer/syncer.go:92.11,94.17 2 1
github.com/coinbase/rosetta-cli/internal/syncer/syncer.go:98.2,104.3 1 1
github.com/coinbase/rosetta-cli/internal/syncer/syncer.go:94.17,96.3 1 1
github.com/coinbase/rosetta-cli/internal/syncer/syncer.go:110.9,116.16 2 0
github.com/coinbase/rosetta-cli/internal/syncer/syncer.go:120.2,122.17 2 0
github.com/coinbase/rosetta-cli/internal/syncer/syncer.go:127.2,128.12 2 0
github.com/coinbase/rosetta-cli/internal/syncer/syncer.go:116.16,118.3 1 0
github.com/coinbase/rosetta-cli/internal/syncer/syncer.go:122.17,125.3 2 0
github.com/coinbase/rosetta-cli/internal/syncer/syncer.go:137.24,138.23 1 0
github.com/coinbase/rosetta-cli/internal/syncer/syncer.go:142.2,142.20 1 0
github.com/coinbase/rosetta-cli/internal/syncer/syncer.go:155.2,155.29 1 0
github.com/coinbase/rosetta-cli/internal/syncer/syncer.go:159.2,159.36 1 0
github.com/coinbase/rosetta-cli/internal/syncer/syncer.go:163.2,163.29 1 0
github.com/coinbase/rosetta-cli/internal/syncer/syncer.go:138.23,140.3 1 0
github.com/coinbase/rosetta-cli/internal/syncer/syncer.go:142.20,148.17 2 0
github.com/coinbase/rosetta-cli/internal/syncer/syncer.go:152.3,152.56 1 0
github.com/coinbase/rosetta-cli/internal/syncer/syncer.go:148.17,150.4 1 0
github.com/coinbase/rosetta-cli/internal/syncer/syncer.go:155.29,157.3 1 0
github.com/coinbase/rosetta-cli/internal/syncer/syncer.go:159.36,161.3 1 0
github.com/coinbase/rosetta-cli/internal/syncer/syncer.go:168.41,169.28 1 7
github.com/coinbase/rosetta-cli/internal/syncer/syncer.go:174.2,174.48 1 6
github.com/coinbase/rosetta-cli/internal/syncer/syncer.go:183.2,184.58 2 5
github.com/coinbase/rosetta-cli/internal/syncer/syncer.go:192.2,192.30 1 3
github.com/coinbase/rosetta-cli/internal/syncer/syncer.go:169.28,171.3 1 1
github.com/coinbase/rosetta-cli/internal/syncer/syncer.go:174.48,180.3 1 1
github.com/coinbase/rosetta-cli/internal/syncer/syncer.go:184.58,185.45 1 2
github.com/coinbase/rosetta-cli/internal/syncer/syncer.go:189.3,189.30 1 1
github.com/coinbase/rosetta-cli/internal/syncer/syncer.go:185.45,187.4 1 1
github.com/coinbase/rosetta-cli/internal/syncer/syncer.go:198.9,200.16 2 7
github.com/coinbase/rosetta-cli/internal/syncer/syncer.go:204.2,204.18 1 5
github.com/coinbase/rosetta-cli/internal/syncer/syncer.go:214.2,215.16 2 4
github.com/coinbase/rosetta-cli/internal/syncer/syncer.go:219.2,220.39 2 4
github.com/coinbase/rosetta-cli/internal/syncer/syncer.go:223.2,224.12 2 4
github.com/coinbase/rosetta-cli/internal/syncer/syncer.go:200.16,202.3 1 2
github.com/coinbase/rosetta-cli/internal/syncer/syncer.go:204.18,206.17 2 1
github.com/coinbase/rosetta-cli/internal/syncer/syncer.go:209.3,211.13 3 1
github.com/coinbase/rosetta-cli/internal/syncer/syncer.go:206.17,208.4 1 0
github.com/coinbase/rosetta-cli/internal/syncer/syncer.go:215.16,217.3 1 0
github.com/coinbase/rosetta-cli/internal/syncer/syncer.go:220.39,222.3 1 0
github.com/coinbase/rosetta-cli/internal/syncer/syncer.go:230.9,232.16 2 0
github.com/coinbase/rosetta-cli/internal/syncer/syncer.go:236.2,236.30 1 0
github.com/coinbase/rosetta-cli/internal/syncer/syncer.go:261.2,261.12 1 0
github.com/coinbase/rosetta-cli/internal/syncer/syncer.go:232.16,234.3 1 0
github.com/coinbase/rosetta-cli/internal/syncer/syncer.go:236.30,238.10 2 0
github.com/coinbase/rosetta-cli/internal/syncer/syncer.go:256.3,256.51 1 0
github.com/coinbase/rosetta-cli/internal/syncer/syncer.go:238.10,246.18 2 0
github.com/coinbase/rosetta-cli/internal/syncer/syncer.go:246.18,248.5 1 0
github.com/coinbase/rosetta-cli/internal/syncer/syncer.go:249.9,254.4 1 0
github.com/coinbase/rosetta-cli/internal/syncer/syncer.go:256.51,258.4 1 0
github.com/coinbase/rosetta-cli/internal/syncer/syncer.go:270.9,273.52 2 0
github.com/coinbase/rosetta-cli/internal/syncer/syncer.go:277.2,277.6 1 0
github.com/coinbase/rosetta-cli/internal/syncer/syncer.go:301.2,302.12 2 0
github.com/coinbase/rosetta-cli/internal/syncer/syncer.go:273.52,275.3 1 0
github.com/coinbase/rosetta-cli/internal/syncer/syncer.go:277.6,282.17 2 0
github.com/coinbase/rosetta-cli/internal/syncer/syncer.go:285.3,285.11 1 0
github.com/coinbase/rosetta-cli/internal/syncer/syncer.go:289.3,292.17 3 0
github.com/coinbase/rosetta-cli/internal/syncer/syncer.go:296.3,296.23 1 0
github.com/coinbase/rosetta-cli/internal/syncer/syncer.go:282.17,284.4 1 0
github.com/coinbase/rosetta-cli/internal/syncer/syncer.go:285.11,286.9 1 0
github.com/coinbase/rosetta-cli/internal/syncer/syncer.go:292.17,294.4 1 0
github.com/coinbase/rosetta-cli/internal/syncer/syncer.go:296.23,298.4 1 0
github.com/coinbase/rosetta-cli/internal/storage/badger_storage.go:30.74,32.16 2 8
github.com/coinbase/rosetta-cli/internal/storage/badger_storage.go:36.2,38.8 1 8
github.com/coinbase/rosetta-cli/internal/storage/badger_storage.go:32.16,34.3 1 0
github.com/coinbase/rosetta-cli/internal/storage/badger_storage.go:43.58,45.2 1 8
github.com/coinbase/rosetta-cli/internal/storage/badger_storage.go:61.23,65.2 1 60
github.com/coinbase/rosetta-cli/internal/storage/badger_storage.go:68.59,70.2 1 18
github.com/coinbase/rosetta-cli/internal/storage/badger_storage.go:74.54,76.2 1 50
github.com/coinbase/rosetta-cli/internal/storage/badger_storage.go:83.9,85.2 1 34
github.com/coinbase/rosetta-cli/internal/storage/badger_storage.go:91.25,94.34 3 51
github.com/coinbase/rosetta-cli/internal/storage/badger_storage.go:100.2,100.40 1 29
github.com/coinbase/rosetta-cli/internal/storage/badger_storage.go:105.2,105.16 1 29
github.com/coinbase/rosetta-cli/internal/storage/badger_storage.go:109.2,109.25 1 29
github.com/coinbase/rosetta-cli/internal/storage/badger_storage.go:94.34,96.3 1 22
github.com/coinbase/rosetta-cli/internal/storage/badger_storage.go:96.8,96.23 1 29
github.com/coinbase/rosetta-cli/internal/storage/badger_storage.go:96.23,98.3 1 0
github.com/coinbase/rosetta-cli/internal/storage/badger_storage.go:100.40,104.3 3 29
github.com/coinbase/rosetta-cli/internal/storage/badger_storage.go:105.16,107.3 1 0
github.com/coinbase/rosetta-cli/internal/storage/badger_storage.go:113.75,115.2 1 4
github.com/coinbase/rosetta-cli/internal/storage/badger_storage.go:122.9,123.49 1 1
github.com/coinbase/rosetta-cli/internal/storage/badger_storage.go:123.49,125.3 1 1
github.com/coinbase/rosetta-cli/internal/storage/badger_storage.go:132.25,134.47 2 6
github.com/coinbase/rosetta-cli/internal/storage/badger_storage.go:151.2,151.34 1 6
github.com/coinbase/rosetta-cli/internal/storage/badger_storage.go:157.2,157.25 1 3
github.com/coinbase/rosetta-cli/internal/storage/badger_storage.go:134.47,136.17 2 6
github.com/coinbase/rosetta-cli/internal/storage/badger_storage.go:140.3,140.41 1 3
github.com/coinbase/rosetta-cli/internal/storage/badger_storage.go:145.3,145.17 1 3
github.com/coinbase/rosetta-cli/internal/storage/badger_storage.go:149.3,149.13 1 3
github.com/coinbase/rosetta-cli/internal/storage/badger_storage.go:136.17,138.4 1 3
github.com/coinbase/rosetta-cli/internal/storage/badger_storage.go:140.41,144.4 3 3
github.com/coinbase/rosetta-cli/internal/storage/badger_storage.go:145.17,147.4 1 0
github.com/coinbase/rosetta-cli/internal/storage/badger_storage.go:151.34,153.3 1 3
github.com/coinbase/rosetta-cli/internal/storage/badger_storage.go:153.8,153.23 1 3
github.com/coinbase/rosetta-cli/internal/storage/badger_storage.go:153.23,155.3 1 0
github.com/coinbase/rosetta-cli/internal/storage/block_storage.go:93.36,96.16 3 78
github.com/coinbase/rosetta-cli/internal/storage/block_storage.go:100.2,100.19 1 78
github.com/coinbase/rosetta-cli/internal/storage/block_storage.go:96.16,98.3 1 0
github.com/coinbase/rosetta-cli/internal/storage/block_storage.go:103.31,105.2 1 23
github.com/coinbase/rosetta-cli/internal/storage/block_storage.go:107.65,111.2 1 15
github.com/coinbase/rosetta-cli/internal/storage/block_storage.go:113.51,114.13 1 12
github.com/coinbase/rosetta-cli/internal/storage/block_storage.go:118.2,118.72 1 5
github.com/coinbase/rosetta-cli/internal/storage/block_storage.go:114.13,116.3 1 7
github.com/coinbase/rosetta-cli/internal/storage/block_storage.go:122.87,126.2 1 28
github.com/coinbase/rosetta-cli/internal/storage/block_storage.go:157.17,162.2 1 9
github.com/coinbase/rosetta-cli/internal/storage/block_storage.go:169.23,171.2 1 57
github.com/coinbase/rosetta-cli/internal/storage/block_storage.go:177.35,182.16 4 14
github.com/coinbase/rosetta-cli/internal/storage/block_storage.go:186.2,186.13 1 14
github.com/coinbase/rosetta-cli/internal/storage/block_storage.go:190.2,193.16 4 9
github.com/coinbase/rosetta-cli/internal/storage/block_storage.go:197.2,197.30 1 9
github.com/coinbase/rosetta-cli/internal/storage/block_storage.go:182.16,184.3 1 0
github.com/coinbase/rosetta-cli/internal/storage/block_storage.go:186.13,188.3 1 5
github.com/coinbase/rosetta-cli/internal/storage/block_storage.go:193.16,195.3 1 0
github.com/coinbase/rosetta-cli/internal/storage/block_storage.go:206.9,209.16 3 9
github.com/coinbase/rosetta-cli/internal/storage/block_storage.go:213.2,213.61 1 9
github.com/coinbase/rosetta-cli/internal/storage/block_storage.go:209.16,211.3 1 0
github.com/coinbase/rosetta-cli/internal/storage/block_storage.go:220.25,225.16 4 8
github.com/coinbase/rosetta-cli/internal/storage/block_storage.go:229.2,229.13 1 8
github.com/coinbase/rosetta-cli/internal/storage/block_storage.go:233.2,235.16 3 5
github.com/coinbase/rosetta-cli/internal/storage/block_storage.go:239.2,239.27 1 5
github.com/coinbase/rosetta-cli/internal/storage/block_storage.go:225.16,227.3 1 0
github.com/coinbase/rosetta-cli/internal/storage/block_storage.go:229.13,231.3 1 3
github.com/coinbase/rosetta-cli/internal/storage/block_storage.go:235.16,237.3 1 0
github.com/coinbase/rosetta-cli/internal/storage/block_storage.go:248.9,251.16 3 10
github.com/coinbase/rosetta-cli/internal/storage/block_storage.go:255.2,255.13 1 10
github.com/coinbase/rosetta-cli/internal/storage/block_storage.go:259.2,259.13 1 2
github.com/coinbase/rosetta-cli/internal/storage/block_storage.go:267.2,271.3 1 1
github.com/coinbase/rosetta-cli/internal/storage/block_storage.go:251.16,253.3 1 0
github.com/coinbase/rosetta-cli/internal/storage/block_storage.go:255.13,257.3 1 8
github.com/coinbase/rosetta-cli/internal/storage/block_storage.go:259.13,265.3 1 1
github.com/coinbase/rosetta-cli/internal/storage/block_storage.go:280.40,285.16 5 6
github.com/coinbase/rosetta-cli/internal/storage/block_storage.go:290.2,291.16 2 6
github.com/coinbase/rosetta-cli/internal/storage/block_storage.go:296.2,297.16 2 6
github.com/coinbase/rosetta-cli/internal/storage/block_storage.go:302.2,302.41 1 5
github.com/coinbase/rosetta-cli/internal/storage/block_storage.go:309.2,310.16 2 4
github.com/coinbase/rosetta-cli/internal/storage/block_storage.go:314.2,314.33 1 4
github.com/coinbase/rosetta-cli/internal/storage/block_storage.go:320.2,320.91 1 4
github.com/coinbase/rosetta-cli/internal/storage/block_storage.go:324.2,324.48 1 4
github.com/coinbase/rosetta-cli/internal/storage/block_storage.go:328.2,328.21 1 4
github.com/coinbase/rosetta-cli/internal/storage/block_storage.go:285.16,287.3 1 0
github.com/coinbase/rosetta-cli/internal/storage/block_storage.go:291.16,293.3 1 0
github.com/coinbase/rosetta-cli/internal/storage/block_storage.go:297.16,299.3 1 1
github.com/coinbase/rosetta-cli/internal/storage/block_storage.go:302.41,304.17 2 4
github.com/coinbase/rosetta-cli/internal/storage/block_storage.go:304.17,306.4 1 1
github.com/coinbase/rosetta-cli/internal/storage/block_storage.go:310.16,312.3 1 0
github.com/coinbase/rosetta-cli/internal/storage/block_storage.go:314.33,315.96 1 0
github.com/coinbase/rosetta-cli/internal/storage/block_storage.go:315.96,317.4 1 0
github.com/coinbase/rosetta-cli/internal/storage/block_storage.go:320.91,322.3 1 0
github.com/coinbase/rosetta-cli/internal/storage/block_storage.go:324.48,326.3 1 0
github.com/coinbase/rosetta-cli/internal/storage/block_storage.go:338.40,340.16 2 1
github.com/coinbase/rosetta-cli/internal/storage/block_storage.go:344.2,348.16 4 1
github.com/coinbase/rosetta-cli/internal/storage/block_storage.go:352.2,352.33 1 1
github.com/coinbase/rosetta-cli/internal/storage/block_storage.go:359.2,359.41 1 1
github.com/coinbase/rosetta-cli/internal/storage/block_storage.go:367.2,368.16 2 1
github.com/coinbase/rosetta-cli/internal/storage/block_storage.go:373.2,373.84 1 1
github.com/coinbase/rosetta-cli/internal/storage/block_storage.go:377.2,377.97 1 1
github.com/coinbase/rosetta-cli/internal/storage/block_storage.go:381.2,381.48 1 1
github.com/coinbase/rosetta-cli/internal/storage/block_storage.go:385.2,385.21 1 1
github.com/coinbase/rosetta-cli/internal/storage/block_storage.go:340.16,342.3 1 0
github.com/coinbase/rosetta-cli/internal/storage/block_storage.go:348.16,350.3 1 0
github.com/coinbase/rosetta-cli/internal/storage/block_storage.go:352.33,353.90 1 0
github.com/coinbase/rosetta-cli/internal/storage/block_storage.go:353.90,355.4 1 0
github.com/coinbase/rosetta-cli/internal/storage/block_storage.go:359.41,361.17 2 1
github.com/coinbase/rosetta-cli/internal/storage/block_storage.go:361.17,363.4 1 0
github.com/coinbase/rosetta-cli/internal/storage/block_storage.go:368.16,370.3 1 0
github.com/coinbase/rosetta-cli/internal/storage/block_storage.go:373.84,375.3 1 0
github.com/coinbase/rosetta-cli/internal/storage/block_storage.go:377.97,379.3 1 0
github.com/coinbase/rosetta-cli/internal/storage/block_storage.go:381.48,383.3 1 0
github.com/coinbase/rosetta-cli/internal/storage/block_storage.go:393.62,396.16 3 9
github.com/coinbase/rosetta-cli/internal/storage/block_storage.go:400.2,400.25 1 9
github.com/coinbase/rosetta-cli/internal/storage/block_storage.go:396.16,398.3 1 0
github.com/coinbase/rosetta-cli/internal/storage/block_storage.go:403.59,407.16 4 13
github.com/coinbase/rosetta-cli/internal/storage/block_storage.go:411.2,411.18 1 13
github.com/coinbase/rosetta-cli/internal/storage/block_storage.go:407.16,409.3 1 0
github.com/coinbase/rosetta-cli/internal/storage/block_storage.go:419.9,421.42 2 0
github.com/coinbase/rosetta-cli/internal/storage/block_storage.go:424.2,424.16 1 0
github.com/coinbase/rosetta-cli/internal/storage/block_storage.go:428.2,428.29 1 0
github.com/coinbase/rosetta-cli/internal/storage/block_storage.go:436.2,437.36 2 0
github.com/coinbase/rosetta-cli/internal/storage/block_storage.go:451.2,451.12 1 0
github.com/coinbase/rosetta-cli/internal/storage/block_storage.go:421.42,423.3 1 0
github.com/coinbase/rosetta-cli/internal/storage/block_storage.go:424.16,426.3 1 0
github.com/coinbase/rosetta-cli/internal/storage/block_storage.go:428.29,434.3 1 0
github.com/coinbase/rosetta-cli/internal/storage/block_storage.go:437.36,440.17 3 0
github.com/coinbase/rosetta-cli/internal/storage/block_storage.go:444.3,444.69 1 0
github.com/coinbase/rosetta-cli/internal/storage/block_storage.go:448.3,448.42 1 0
github.com/coinbase/rosetta-cli/internal/storage/block_storage.go:440.17,442.4 1 0
github.com/coinbase/rosetta-cli/internal/storage/block_storage.go:444.69,446.4 1 0
github.com/coinbase/rosetta-cli/internal/storage/block_storage.go:462.9,469.16 3 2
github.com/coinbase/rosetta-cli/internal/storage/block_storage.go:473.2,473.63 1 2
github.com/coinbase/rosetta-cli/internal/storage/block_storage.go:477.2,477.12 1 2
github.com/coinbase/rosetta-cli/internal/storage/block_storage.go:469.16,471.3 1 0
github.com/coinbase/rosetta-cli/internal/storage/block_storage.go:473.63,475.3 1 0
github.com/coinbase/rosetta-cli/internal/storage/block_storage.go:488.9,489.28 1 10
github.com/coinbase/rosetta-cli/internal/storage/block_storage.go:493.2,496.16 3 9
github.com/coinbase/rosetta-cli/internal/storage/block_storage.go:500.2,501.12 2 9
github.com/coinbase/rosetta-cli/internal/storage/block_storage.go:517.2,518.16 2 9
github.com/coinbase/rosetta-cli/internal/storage/block_storage.go:522.2,523.9 2 9
github.com/coinbase/rosetta-cli/internal/storage/block_storage.go:527.2,527.28 1 9
github.com/coinbase/rosetta-cli/internal/storage/block_storage.go:538.2,545.16 2 7
github.com/coinbase/rosetta-cli/internal/storage/block_storage.go:549.2,549.47 1 7
github.com/coinbase/rosetta-cli/internal/storage/block_storage.go:489.28,491.3 1 1
github.com/coinbase/rosetta-cli/internal/storage/block_storage.go:496.16,498.3 1 0
github.com/coinbase/rosetta-cli/internal/storage/block_storage.go:501.12,503.17 2 4
github.com/coinbase/rosetta-cli/internal/storage/block_storage.go:507.3,507.40 1 4
github.com/coinbase/rosetta-cli/internal/storage/block_storage.go:503.17,505.4 1 0
github.com/coinbase/rosetta-cli/internal/storage/block_storage.go:508.8,510.17 2 5
github.com/coinbase/rosetta-cli/internal/storage/block_storage.go:514.3,514.31 1 5
github.com/coinbase/rosetta-cli/internal/storage/block_storage.go:510.17,512.4 1 0
github.com/coinbase/rosetta-cli/internal/storage/block_storage.go:518.16,520.3 1 0
github.com/coinbase/rosetta-cli/internal/storage/block_storage.go:523.9,525.3 1 0
github.com/coinbase/rosetta-cli/internal/storage/block_storage.go:527.28,536.3 1 2
github.com/coinbase/rosetta-cli/internal/storage/block_storage.go:545.16,547.3 1 0
github.com/coinbase/rosetta-cli/internal/storage/block_storage.go:559.50,565.16 5 10
github.com/coinbase/rosetta-cli/internal/storage/block_storage.go:573.2,573.13 1 10
github.com/coinbase/rosetta-cli/internal/storage/block_storage.go:600.2,601.16 2 9
github.com/coinbase/rosetta-cli/internal/storage/block_storage.go:605.2,605.51 1 9
github.com/coinbase/rosetta-cli/internal/storage/block_storage.go:565.16,567.3 1 0
github.com/coinbase/rosetta-cli/internal/storage/block_storage.go:573.13,575.17 2 1
github.com/coinbase/rosetta-cli/internal/storage/block_storage.go:579.3,588.17 4 1
github.com/coinbase/rosetta-cli/internal/storage/block_storage.go:592.3,593.17 2 1
github.com/coinbase/rosetta-cli/internal/storage/block_storage.go:597.3,597.32 1 1
github.com/coinbase/rosetta-cli/internal/storage/block_storage.go:575.17,577.4 1 0
github.com/coinbase/rosetta-cli/internal/storage/block_storage.go:588.17,590.4 1 0
github.com/coinbase/rosetta-cli/internal/storage/block_storage.go:593.17,595.4 1 0
github.com/coinbase/rosetta-cli/internal/storage/block_storage.go:601.16,603.3 1 0
github.com/coinbase/rosetta-cli/internal/storage/block_storage.go:626.9,629.16 2 6
github.com/coinbase/rosetta-cli/internal/storage/block_storage.go:633.2,634.72 2 5
github.com/coinbase/rosetta-cli/internal/storage/block_storage.go:638.2,639.33 2 4
github.com/coinbase/rosetta-cli/internal/storage/block_storage.go:644.2,647.35 3 3
github.com/coinbase/rosetta-cli/internal/storage/block_storage.go:680.2,681.16 2 1
github.com/coinbase/rosetta-cli/internal/storage/block_storage.go:685.2,686.12 2 1
github.com/coinbase/rosetta-cli/internal/storage/block_storage.go:629.16,631.3 1 1
github.com/coinbase/rosetta-cli/internal/storage/block_storage.go:634.72,636.3 1 1
github.com/coinbase/rosetta-cli/internal/storage/block_storage.go:639.33,641.3 1 1
github.com/coinbase/rosetta-cli/internal/storage/block_storage.go:647.35,650.10 2 3
github.com/coinbase/rosetta-cli/internal/storage/block_storage.go:654.3,654.29 1 2
github.com/coinbase/rosetta-cli/internal/storage/block_storage.go:658.3,675.17 3 1
github.com/coinbase/rosetta-cli/internal/storage/block_storage.go:650.10,652.4 1 1
github.com/coinbase/rosetta-cli/internal/storage/block_storage.go:654.29,656.4 1 1
github.com/coinbase/rosetta-cli/internal/storage/block_storage.go:675.17,677.4 1 0
github.com/coinbase/rosetta-cli/internal/storage/block_storage.go:681.16,683.3 1 0
github.com/coinbase/rosetta-cli/internal/storage/block_storage.go:699.40,701.40 2 9
github.com/coinbase/rosetta-cli/internal/storage/block_storage.go:752.2,753.40 2 9
github.com/coinbase/rosetta-cli/internal/storage/block_storage.go:757.2,757.24 1 9
github.com/coinbase/rosetta-cli/internal/storage/block_storage.go:701.40,702.36 1 12
github.com/coinbase/rosetta-cli/internal/storage/block_storage.go:702.36,707.18 2 14
github.com/coinbase/rosetta-cli/internal/storage/block_storage.go:710.4,710.12 1 14
github.com/coinbase/rosetta-cli/internal/storage/block_storage.go:714.4,716.20 3 7
github.com/coinbase/rosetta-cli/internal/storage/block_storage.go:727.4,733.11 3 7
github.com/coinbase/rosetta-cli/internal/storage/block_storage.go:743.4,744.18 2 2
github.com/coinbase/rosetta-cli/internal/storage/block_storage.go:747.4,748.29 2 2
github.com/coinbase/rosetta-cli/internal/storage/block_storage.go:707.18,709.5 1 0
github.com/coinbase/rosetta-cli/internal/storage/block_storage.go:710.12,711.13 1 7
github.com/coinbase/rosetta-cli/internal/storage/block_storage.go:716.20,718.12 2 3
github.com/coinbase/rosetta-cli/internal/storage/block_storage.go:722.5,723.50 2 3
github.com/coinbase/rosetta-cli/internal/storage/block_storage.go:718.12,720.6 1 0
github.com/coinbase/rosetta-cli/internal/storage/block_storage.go:733.11,740.13 2 5
github.com/coinbase/rosetta-cli/internal/storage/block_storage.go:744.18,746.5 1 0
github.com/coinbase/rosetta-cli/internal/storage/block_storage.go:753.40,755.3 1 5
github.com/coinbase/rosetta-cli/internal/storage/block_storage.go:762.87,765.16 3 3
github.com/coinbase/rosetta-cli/internal/storage/block_storage.go:769.2,769.40 1 2
github.com/coinbase/rosetta-cli/internal/storage/block_storage.go:781.2,781.14 1 0
github.com/coinbase/rosetta-cli/internal/storage/block_storage.go:765.16,767.3 1 1
github.com/coinbase/rosetta-cli/internal/storage/block_storage.go:769.40,771.17 2 5
github.com/coinbase/rosetta-cli/internal/storage/block_storage.go:775.3,778.37 3 3
github.com/coinbase/rosetta-cli/internal/storage/block_storage.go:771.17,773.4 1 2
